[2025-03-31T14:59:34.907Z] [request] undefined
[2025-03-31T14:59:34.918Z] [notFound] undefined
[2025-03-31T14:59:37.456Z] [request] undefined
[2025-03-31T14:59:37.459Z] [notFound] undefined
[2025-03-31T15:04:10.156Z] [request] /index.css
[2025-03-31T15:04:10.166Z] [notFound] /index.css
[2025-03-31T15:05:50.396Z] [request] /index.css
[2025-03-31T15:05:50.401Z] [notFound] /index.css
[2025-03-31T15:05:50.877Z] [request] /index.css
[2025-03-31T15:05:50.882Z] [notFound] /index.css
[2025-03-31T15:06:28.506Z] [request] /index.css
[2025-03-31T15:06:28.515Z] [fileServed] /index.css
[2025-03-31T15:06:33.871Z] [request] /index.css
[2025-03-31T15:06:33.875Z] [fileServed] /index.css
[2025-03-31T15:26:35.933Z] [request] /index.css
[2025-03-31T15:26:35.945Z] [fileServed] /index.css
[2025-03-31T15:26:43.726Z] [request] /index.html
[2025-03-31T15:26:43.729Z] [fileServed] /index.html
[2025-03-31T15:26:43.829Z] [request] /index.css
[2025-03-31T15:26:43.832Z] [fileServed] /index.css
[2025-03-31T15:26:50.727Z] [request] /cat.jpeg
[2025-03-31T15:26:50.731Z] [error] /cat.jpeg
[2025-03-31T15:26:54.915Z] [request] /cat.jpg
[2025-03-31T15:26:54.920Z] [fileServed] /cat.jpg
[2025-03-31T15:28:15.544Z] [request] /cat.jpg
[2025-03-31T15:28:15.552Z] [fileServed] /cat.jpg
[2025-03-31T15:28:17.534Z] [request] /cat.jpg
[2025-03-31T15:28:17.536Z] [fileServed] /cat.jpg
[2025-03-31T15:28:26.150Z] [request] /index.html
[2025-03-31T15:28:26.152Z] [fileServed] /index.html
[2025-03-31T15:28:26.260Z] [request] /index.css
[2025-03-31T15:28:26.262Z] [fileServed] /index.css
[2025-03-31T15:28:29.384Z] [request] /index.css
[2025-03-31T15:28:29.387Z] [fileServed] /index.css
[2025-03-31T15:28:40.485Z] [request] /cat.jpg
[2025-03-31T15:28:40.487Z] [fileServed] /cat.jpg
[2025-03-31T15:29:16.007Z] [request] /cat.jpg
[2025-03-31T15:29:16.017Z] [fileServed] /cat.jpg
[2025-03-31T15:30:06.979Z] [request] /cat.jpg
[2025-03-31T15:30:06.982Z] [fileServed] /cat.jpg
[2025-03-31T15:30:22.778Z] [request] /cat.jpg
[2025-03-31T15:30:22.791Z] [fileServed] /cat.jpg
[2025-03-31T15:31:09.432Z] [request] /index.css
[2025-03-31T15:31:09.435Z] [fileServed] /index.css
